0 info it worked if it ends with ok
1 verbose cli [ '/Users/alborzmesbahi/.nvm/versions/node/v7.4.0/bin/node',
1 verbose cli   '/Users/alborzmesbahi/.nvm/versions/node/v7.4.0/bin/npm',
1 verbose cli   'start' ]
2 info using npm@4.0.5
3 info using node@v7.4.0
4 verbose run-script [ 'prestart', 'start', 'poststart' ]
5 info lifecycle library-manager-v1@1.0.0~prestart: library-manager-v1@1.0.0
6 silly lifecycle library-manager-v1@1.0.0~prestart: no script for prestart, continuing
7 info lifecycle library-manager-v1@1.0.0~start: library-manager-v1@1.0.0
8 verbose lifecycle library-manager-v1@1.0.0~start: unsafe-perm in lifecycle true
9 verbose lifecycle library-manager-v1@1.0.0~start: PATH: /Users/alborzmesbahi/.nvm/versions/node/v7.4.0/lib/node_modules/npm/bin/node-gyp-bin:/Users/alborzmesbahi/Desktop/library-manager-v1/node_modules/.bin:/Users/alborzmesbahi/.nvm/versions/node/v7.4.0/bin:/opt/apache-maven-3.3.3/bin:/usr/local/bin:/usr/bin:/bin:/usr/sbin:/sbin:/Users/alborzmesbahi/Documents/workspace/android-sdk-macosx/platform-tools/:/Users/alborzmesbahi/Documents/workspace/android-sdk-macosx/build-tools/:/Users/alborzmesbahi/Documents/workspace/android-sdk-macosx/tools/:/Library/Java/JavaVirtualMachines/jdk1.8.0_131.jdk/Contents/Home/bin:/Users/alborzmesbahi/Library/Android/sdk/platform-tools/:/Users/alborzmesbahi/Library/Android/sdk/tools/:/usr/local/apache-maven/apache-maven-3.3.9/bin:/usr/local/
10 verbose lifecycle library-manager-v1@1.0.0~start: CWD: /Users/alborzmesbahi/Desktop/library-manager-v1
11 silly lifecycle library-manager-v1@1.0.0~start: Args: [ '-c', 'node bin/www' ]
12 silly lifecycle library-manager-v1@1.0.0~start: Returned: code: 1  signal: null
13 info lifecycle library-manager-v1@1.0.0~start: Failed to exec start script
14 verbose stack Error: library-manager-v1@1.0.0 start: `node bin/www`
14 verbose stack Exit status 1
14 verbose stack     at EventEmitter.<anonymous> (/Users/alborzmesbahi/.nvm/versions/node/v7.4.0/lib/node_modules/npm/lib/utils/lifecycle.js:279:16)
14 verbose stack     at emitTwo (events.js:106:13)
14 verbose stack     at EventEmitter.emit (events.js:191:7)
14 verbose stack     at ChildProcess.<anonymous> (/Users/alborzmesbahi/.nvm/versions/node/v7.4.0/lib/node_modules/npm/lib/utils/spawn.js:40:14)
14 verbose stack     at emitTwo (events.js:106:13)
14 verbose stack     at ChildProcess.emit (events.js:191:7)
14 verbose stack     at maybeClose (internal/child_process.js:885:16)
14 verbose stack     at Process.ChildProcess._handle.onexit (internal/child_process.js:226:5)
15 verbose pkgid library-manager-v1@1.0.0
16 verbose cwd /Users/alborzmesbahi/Desktop/library-manager-v1
17 error Darwin 16.7.0
18 error argv "/Users/alborzmesbahi/.nvm/versions/node/v7.4.0/bin/node" "/Users/alborzmesbahi/.nvm/versions/node/v7.4.0/bin/npm" "start"
19 error node v7.4.0
20 error npm  v4.0.5
21 error code ELIFECYCLE
22 error library-manager-v1@1.0.0 start: `node bin/www`
22 error Exit status 1
23 error Failed at the library-manager-v1@1.0.0 start script 'node bin/www'.
23 error Make sure you have the latest version of node.js and npm installed.
23 error If you do, this is most likely a problem with the library-manager-v1 package,
23 error not with npm itself.
23 error Tell the author that this fails on your system:
23 error     node bin/www
23 error You can get information on how to open an issue for this project with:
23 error     npm bugs library-manager-v1
23 error Or if that isn't available, you can get their info via:
23 error     npm owner ls library-manager-v1
23 error There is likely additional logging output above.
24 verbose exit [ 1, true ]
